Removed Pin From Net: NetName=GND Pin=0-1
Removed Pin From Net: NetName=PGND Pin=0-2
Removed Pin From Net: NetName=RES Pin=C15-2
Removed Pin From Net: NetName=+3.3 Pin=C30-1
Removed Pin From Net: NetName=GND Pin=C30-2
Removed Pin From Net: NetName=+3.3 Pin=C31-1
Removed Pin From Net: NetName=GND Pin=C31-2
Removed Pin From Net: NetName=+3.3 Pin=C32-1
Removed Pin From Net: NetName=GND Pin=C32-2
Removed Pin From Net: NetName=+3.3 Pin=C33-1
Removed Pin From Net: NetName=GND Pin=C33-2
Removed Pin From Net: NetName=+3.3 Pin=C34-1
Removed Pin From Net: NetName=GND Pin=C34-2
Removed Pin From Net: NetName=+3.3 Pin=C37-1
Removed Pin From Net: NetName=PGND Pin=C37-2
Removed Pin From Net: NetName=GND Pin=P4-1
Removed Pin From Net: NetName=GND Pin=P4-3
Removed Pin From Net: NetName=GND Pin=P4-5
Removed Pin From Net: NetName=GND Pin=P4-7
Removed Pin From Net: NetName=GND Pin=P4-9
Removed Pin From Net: NetName=GND Pin=P4-11
Removed Pin From Net: NetName=GND Pin=P4-13
Removed Pin From Net: NetName=GND Pin=P4-15
Removed Pin From Net: NetName=GND Pin=P?-1
Removed Pin From Net: NetName=PE8 Pin=P?-2
Removed Pin From Net: NetName=GND Pin=P?-3
Removed Pin From Net: NetName=PE9 Pin=P?-4
Removed Pin From Net: NetName=GND Pin=P?-5
Removed Pin From Net: NetName=PE10 Pin=P?-6
Removed Pin From Net: NetName=GND Pin=P?-7
Removed Pin From Net: NetName=PE11 Pin=P?-8
Removed Pin From Net: NetName=GND Pin=P?-9
Removed Pin From Net: NetName=GND Pin=P?-11
Removed Pin From Net: NetName=GND Pin=P?-13
Removed Pin From Net: NetName=PA7 Pin=P?-14
Removed Pin From Net: NetName=GND Pin=P?-15
Removed Pin From Net: NetName=PC6 Pin=P?-16
Removed Pin From Net: NetName=GND Pin=P?-17
Removed Pin From Net: NetName=PB14 Pin=P?-18
Removed Pin From Net: NetName=GND Pin=P?-19
Removed Pin From Net: NetName=PC7 Pin=P?-20
Removed Pin From Net: NetName=GND Pin=P?-21
Removed Pin From Net: NetName=PB15 Pin=P?-22
Removed Pin From Net: NetName=GND Pin=P?-23
Removed Pin From Net: NetName=PC8 Pin=P?-24
Removed Pin From Net: NetName=+5 Pin=P?-25
Removed Pin From Net: NetName=+5 Pin=P?-26
Removed Pin From Net: NetName=PGND Pin=P?-27
Removed Pin From Net: NetName=PGND Pin=P?-28
Removed Pin From Net: NetName=RES Pin=R7-1
Removed Pin From Net: NetName=PGND Pin=TD1-1
Removed Pin From Net: NetName=PA9 Pin=U1-101
Removed Pin From Net: NetName=PA10 Pin=U1-102
Removed Pin From Net: NetName=PGND Pin=U2-9
Removed Pin From Net: NetName=PGND Pin=USB1-5
Removed Pin From Net: NetName=+3.3 Pin=V1-4
Removed Member From Class: ClassName=Sheet1 Member=P?
Change Component Footprint: Designator=C1 Old Footprint=C 0603_L New Footprint=6-0805_N
Change Component Footprint: Designator=C4 Old Footprint=C 0603_L New Footprint=6-0805_N
Change Component Footprint: Designator=C5 Old Footprint=C 0603_L New Footprint=6-0805_N
Change Component Footprint: Designator=C6 Old Footprint=C 0603_L New Footprint=6-0805_N
Change Component Footprint: Designator=USB1 Old Footprint=USB-micro_A New Footprint=USB-MICRO
Change Component Designator: OldDesignator=1 NewDesignator=R9
Change Component Designator: OldDesignator=1U NewDesignator=C12
Change Component Designator: OldDesignator=1u NewDesignator=C13
Change Component Designator: OldDesignator=C8 NewDesignator=C7
Change Component Designator: OldDesignator=C9 NewDesignator=C8
Change Component Designator: OldDesignator=C10 NewDesignator=C9
Change Component Designator: OldDesignator=C11 NewDesignator=C10
Change Component Designator: OldDesignator=C12 NewDesignator=C11
Change Component Designator: OldDesignator=C15 NewDesignator=C14
Change Component Designator: OldDesignator=C16 NewDesignator=C15
Change Component Designator: OldDesignator=C19 NewDesignator=C16
Change Component Designator: OldDesignator=C20 NewDesignator=C17
Change Component Designator: OldDesignator=C21 NewDesignator=C18
Change Component Designator: OldDesignator=C22 NewDesignator=C19
Change Component Designator: OldDesignator=C23 NewDesignator=C20
Change Component Designator: OldDesignator=C24 NewDesignator=C21
Change Component Designator: OldDesignator=C25 NewDesignator=C22
Change Component Designator: OldDesignator=C26 NewDesignator=C23
Change Component Designator: OldDesignator=C27 NewDesignator=C24
Change Component Designator: OldDesignator=C28 NewDesignator=C25
Change Component Designator: OldDesignator=C29 NewDesignator=C26
Change Component Designator: OldDesignator=L3 NewDesignator=L4
Change Component Designator: OldDesignator=P3 NewDesignator=P4
Change Component Designator: OldDesignator=R13 NewDesignator=R14
Change Component Designator: OldDesignator=R14 NewDesignator=R16
Change Component Designator: OldDesignator=Y2 NewDesignator=Y1
Added Component: Designator=L3(LED 0805G)
Add component (AddParameter): Name = "BOM名称"; Value = "发光二极管"; VariantName = "[No Variations]"
Add component (AddParameter): Name = "下单链接"; Value = "https://item.taobao.com/item.htm?ft=t&id=613637044352"; VariantName = "[No Variations]"
Add component (AddParameter): Name = "淘宝ID"; Value = "小糖豆的小窝窝"; VariantName = "[No Variations]"
Added Component: Designator=L5(LED 0805G)
Add component (AddParameter): Name = "BOM名称"; Value = "发光二极管"; VariantName = "[No Variations]"
Add component (AddParameter): Name = "下单链接"; Value = "https://item.taobao.com/item.htm?ft=t&id=613637044352"; VariantName = "[No Variations]"
Add component (AddParameter): Name = "淘宝ID"; Value = "小糖豆的小窝窝"; VariantName = "[No Variations]"
Added Component: Designator=P2(HDR2.54-WI-2x12P)
Add component (AddParameter): Name = "LatestRevisionDate"; Value = "17-Jul-2002"; VariantName = "[No Variations]"
Add component (AddParameter): Name = "LatestRevisionNote"; Value = "Re-released for DXP Platform."; VariantName = "[No Variations]"
Add component (AddParameter): Name = "Publisher"; Value = "Altium Limited"; VariantName = "[No Variations]"
Added Component: Designator=P3(HDR2.54-WI-2x10P)
Add component (AddParameter): Name = "LatestRevisionDate"; Value = "17-Jul-2002"; VariantName = "[No Variations]"
Add component (AddParameter): Name = "LatestRevisionNote"; Value = "Re-released for DXP Platform."; VariantName = "[No Variations]"
Add component (AddParameter): Name = "Publisher"; Value = "Altium Limited"; VariantName = "[No Variations]"
Added Component: Designator=R13(R 0603_L)
Add component (AddParameter): Name = "LatestRevisionDate"; Value = "17-Jul-2002"; VariantName = "[No Variations]"
Add component (AddParameter): Name = "LatestRevisionNote"; Value = "Re-released for DXP Platform."; VariantName = "[No Variations]"
Add component (AddParameter): Name = "PackageDescription"; Value = "Axial Device, Thru-Hole; 2 Leads; 0.4 in Pin Spacing"; VariantName = "[No Variations]"
Add component (AddParameter): Name = "PackageReference"; Value = "AXIAL-0.4"; VariantName = "[No Variations]"
Add component (AddParameter): Name = "Published"; Value = "8-Jun-2000"; VariantName = "[No Variations]"
Add component (AddParameter): Name = "Publisher"; Value = "Altium Limited"; VariantName = "[No Variations]"
Add component (AddParameter): Name = "Value"; Value = "2K"; VariantName = "[No Variations]"
Added Component: Designator=R15(R 0603_L)
Add component (AddParameter): Name = "LatestRevisionDate"; Value = "17-Jul-2002"; VariantName = "[No Variations]"
Add component (AddParameter): Name = "LatestRevisionNote"; Value = "Re-released for DXP Platform."; VariantName = "[No Variations]"
Add component (AddParameter): Name = "PackageDescription"; Value = "Axial Device, Thru-Hole; 2 Leads; 0.4 in Pin Spacing"; VariantName = "[No Variations]"
Add component (AddParameter): Name = "PackageReference"; Value = "AXIAL-0.4"; VariantName = "[No Variations]"
Add component (AddParameter): Name = "Published"; Value = "8-Jun-2000"; VariantName = "[No Variations]"
Add component (AddParameter): Name = "Publisher"; Value = "Altium Limited"; VariantName = "[No Variations]"
Add component (AddParameter): Name = "Value"; Value = "2K"; VariantName = "[No Variations]"
Added Pin To Net: NetName=PE8 Pin=P2-1
Added Pin To Net: NetName=GND Pin=P2-2
Added Pin To Net: NetName=PE9 Pin=P2-3
Added Pin To Net: NetName=GND Pin=P2-4
Added Pin To Net: NetName=PE10 Pin=P2-5
Added Pin To Net: NetName=GND Pin=P2-6
Added Pin To Net: NetName=PE11 Pin=P2-7
Added Pin To Net: NetName=GND Pin=P2-8
Added Pin To Net: NetName=PA7 Pin=P2-9
Added Pin To Net: NetName=GND Pin=P2-10
Added Pin To Net: NetName=PC6 Pin=P2-11
Added Pin To Net: NetName=GND Pin=P2-12
Added Pin To Net: NetName=PB14 Pin=P2-13
Added Pin To Net: NetName=GND Pin=P2-14
Added Pin To Net: NetName=PC7 Pin=P2-15
Added Pin To Net: NetName=GND Pin=P2-16
Added Pin To Net: NetName=PB15 Pin=P2-17
Added Pin To Net: NetName=GND Pin=P2-18
Added Pin To Net: NetName=PC8 Pin=P2-19
Added Pin To Net: NetName=GND Pin=P2-20
Added Pin To Net: NetName=+5 Pin=P2-21
Added Pin To Net: NetName=+5 Pin=P2-22
Added Pin To Net: NetName=GND Pin=P2-23
Added Pin To Net: NetName=GND Pin=P2-24
Added Pin To Net: NetName=GND Pin=P3-2
Added Pin To Net: NetName=GND Pin=P3-4
Added Pin To Net: NetName=GND Pin=P3-6
Added Pin To Net: NetName=GND Pin=P3-8
Added Pin To Net: NetName=GND Pin=P3-10
Added Pin To Net: NetName=GND Pin=P3-12
Added Pin To Net: NetName=GND Pin=P3-14
Added Pin To Net: NetName=GND Pin=P3-16
Added Pin To Net: NetName=GND Pin=P3-18
Added Pin To Net: NetName=GND Pin=P3-20
Added Pin To Net: NetName=+3.3 Pin=R13-2
Added Pin To Net: NetName=+3.3 Pin=R15-2
Added Pin To Net: NetName=GND Pin=TD1-1
Added Pin To Net: NetName=GND Pin=USB1-5
Change Net Name : Old Net Name=NetC13_1 New Net Name=NetC12_1
Change Net Name : Old Net Name=NetC13_2 New Net Name=NetC12_2
Change Net Name : Old Net Name=NetC14_2 New Net Name=NetC13_2
Change Net Name : Old Net Name=NetC16_1 New Net Name=NetC15_1
Change Net Name : Old Net Name=NetC19_1 New Net Name=NetC16_1
Change Net Name : Old Net Name=NetC20_1 New Net Name=NetC17_1
Change Net Name : Old Net Name=NetC21_1 New Net Name=NetC18_1
Change Net Name : Old Net Name=NetL3_1 New Net Name=NetL4_1
Added Pin To Net: NetName=ADC_IN0 Pin=P3-9
Added Pin To Net: NetName=ADC_IN0 Pin=U1-34
Added Net: Name=ADC_IN0
Added Pin To Net: NetName=ADC_IN1 Pin=P3-11
Added Pin To Net: NetName=ADC_IN1 Pin=U1-35
Added Net: Name=ADC_IN1
Added Pin To Net: NetName=ADC_IN2 Pin=P3-13
Added Pin To Net: NetName=ADC_IN2 Pin=U1-36
Added Net: Name=ADC_IN2
Added Pin To Net: NetName=ADC_IN3 Pin=P3-15
Added Pin To Net: NetName=ADC_IN3 Pin=U1-37
Added Net: Name=ADC_IN3
Added Pin To Net: NetName=ADC_IN4 Pin=P3-17
Added Pin To Net: NetName=ADC_IN4 Pin=U1-40
Added Net: Name=ADC_IN4
Added Pin To Net: NetName=ADC_IN5 Pin=P3-19
Added Pin To Net: NetName=ADC_IN5 Pin=U1-41
Added Net: Name=ADC_IN5
Added Pin To Net: NetName=ADC_IN8 Pin=P3-1
Added Pin To Net: NetName=ADC_IN8 Pin=U1-46
Added Net: Name=ADC_IN8
Added Pin To Net: NetName=ADC_IN9 Pin=P3-3
Added Pin To Net: NetName=ADC_IN9 Pin=U1-47
Added Net: Name=ADC_IN9
Added Pin To Net: NetName=ADC_IN10 Pin=P3-5
Added Pin To Net: NetName=ADC_IN10 Pin=U1-26
Added Net: Name=ADC_IN10
Added Pin To Net: NetName=ADC_IN11 Pin=P3-7
Added Pin To Net: NetName=ADC_IN11 Pin=U1-27
Added Net: Name=ADC_IN11
Added Pin To Net: NetName=NetC14_2 Pin=C14-2
Added Pin To Net: NetName=NetC14_2 Pin=R7-1
Added Net: Name=NetC14_2
Added Pin To Net: NetName=NetL3_1 Pin=L3-1
Added Pin To Net: NetName=NetL3_1 Pin=R13-1
Added Net: Name=NetL3_1
Added Pin To Net: NetName=NetL5_1 Pin=L5-1
Added Pin To Net: NetName=NetL5_1 Pin=R15-1
Added Net: Name=NetL5_1
Added Pin To Net: NetName=PF0 Pin=L3-2
Added Pin To Net: NetName=PF0 Pin=U1-10
Added Net: Name=PF0
Added Pin To Net: NetName=PF1 Pin=L4-2
Added Pin To Net: NetName=PF1 Pin=U1-11
Added Net: Name=PF1
Added Pin To Net: NetName=PF2 Pin=L5-2
Added Pin To Net: NetName=PF2 Pin=U1-12
Added Net: Name=PF2
Added Member To Class: ClassName=Sheet1 Member=Component C12 1u
Added Member To Class: ClassName=Sheet1 Member=Component L4 LED
Added Member To Class: ClassName=Sheet1 Member=Component L5 LED
Added Member To Class: ClassName=Sheet1 Member=Component P2 Header 12X2
Added Member To Class: ClassName=Sheet1 Member=Component R15 2K
Added Member To Class: ClassName=Sheet1 Member=Component R16 10k
