Removed Pin From Net: NetName=PE8 Pin=P2-1
Removed Pin From Net: NetName=GND Pin=P2-2
Removed Pin From Net: NetName=PE9 Pin=P2-3
Removed Pin From Net: NetName=GND Pin=P2-4
Removed Pin From Net: NetName=PE10 Pin=P2-5
Removed Pin From Net: NetName=GND Pin=P2-6
Removed Pin From Net: NetName=PE11 Pin=P2-7
Removed Pin From Net: NetName=GND Pin=P2-8
Removed Pin From Net: NetName=PE12 Pin=P2-9
Removed Pin From Net: NetName=GND Pin=P2-10
Removed Pin From Net: NetName=PE13 Pin=P2-11
Removed Pin From Net: NetName=GND Pin=P2-12
Removed Pin From Net: NetName=PA7 Pin=P2-13
Removed Pin From Net: NetName=GND Pin=P2-14
Removed Pin From Net: NetName=PC6 Pin=P2-15
Removed Pin From Net: NetName=GND Pin=P2-16
Removed Pin From Net: NetName=PB14 Pin=P2-17
Removed Pin From Net: NetName=GND Pin=P2-18
Removed Pin From Net: NetName=PC7 Pin=P2-19
Removed Pin From Net: NetName=GND Pin=P2-20
Removed Pin From Net: NetName=PB15 Pin=P2-21
Removed Pin From Net: NetName=GND Pin=P2-22
Removed Pin From Net: NetName=PC8 Pin=P2-23
Removed Pin From Net: NetName=GND Pin=P2-24
Removed Member From Class: ClassName=Sheet1 Member=P2
Added Component: Designator=P?(HDR2.54-WI-2x14P)
Add component (AddParameter): Name = "LatestRevisionDate"; Value = "17-Jul-2002"; VariantName = "[No Variations]"
Add component (AddParameter): Name = "LatestRevisionNote"; Value = "Re-released for DXP Platform."; VariantName = "[No Variations]"
Add component (AddParameter): Name = "Publisher"; Value = "Altium Limited"; VariantName = "[No Variations]"
Added Component: Designator=USB1(USB-MICRO)
Add component (AddParameter): Name = "BOM名称"; Value = "微型USB母座"; VariantName = "[No Variations]"
Add component (AddParameter): Name = "下单链接"; Value = "https://item.taobao.com/item.htm?ft=t&id=613637044352"; VariantName = "[No Variations]"
Add component (AddParameter): Name = "淘宝ID"; Value = "小糖豆的小窝窝"; VariantName = "[No Variations]"
Added Pin To Net: NetName=PE8 Pin=P?-1
Added Pin To Net: NetName=GND Pin=P?-2
Added Pin To Net: NetName=PE9 Pin=P?-3
Added Pin To Net: NetName=GND Pin=P?-4
Added Pin To Net: NetName=PE10 Pin=P?-5
Added Pin To Net: NetName=GND Pin=P?-6
Added Pin To Net: NetName=PE11 Pin=P?-7
Added Pin To Net: NetName=GND Pin=P?-8
Added Pin To Net: NetName=PE12 Pin=P?-9
Added Pin To Net: NetName=GND Pin=P?-10
Added Pin To Net: NetName=PE13 Pin=P?-11
Added Pin To Net: NetName=GND Pin=P?-12
Added Pin To Net: NetName=PA7 Pin=P?-13
Added Pin To Net: NetName=GND Pin=P?-14
Added Pin To Net: NetName=PC6 Pin=P?-15
Added Pin To Net: NetName=GND Pin=P?-16
Added Pin To Net: NetName=PB14 Pin=P?-17
Added Pin To Net: NetName=GND Pin=P?-18
Added Pin To Net: NetName=PC7 Pin=P?-19
Added Pin To Net: NetName=GND Pin=P?-20
Added Pin To Net: NetName=PB15 Pin=P?-21
Added Pin To Net: NetName=GND Pin=P?-22
Added Pin To Net: NetName=PC8 Pin=P?-23
Added Pin To Net: NetName=GND Pin=P?-24
Added Pin To Net: NetName=+5 Pin=P?-25
Added Pin To Net: NetName=+5 Pin=P?-26
Added Pin To Net: NetName=GND Pin=P?-27
Added Pin To Net: NetName=GND Pin=P?-28
Added Pin To Net: NetName=+5 Pin=USB1-1
Added Pin To Net: NetName=GND Pin=USB1-5
Added Member To Class: ClassName=Sheet1 Member=Component P? Header 14X2
Added Member To Class: ClassName=Sheet1 Member=Component USB1 USB-5P
