Removed Pin From Net: NetName=RES Pin=C14-2
Removed Pin From Net: NetName=+3.3 Pin=C27-1
Removed Pin From Net: NetName=GND Pin=C27-2
Removed Pin From Net: NetName=+3.3 Pin=C28-1
Removed Pin From Net: NetName=GND Pin=C28-2
Removed Pin From Net: NetName=+3.3 Pin=C29-1
Removed Pin From Net: NetName=GND Pin=C29-2
Removed Pin From Net: NetName=+3.3 Pin=C30-1
Removed Pin From Net: NetName=GND Pin=C30-2
Removed Pin From Net: NetName=+3.3 Pin=C31-1
Removed Pin From Net: NetName=GND Pin=C31-2
Removed Pin From Net: NetName=GND Pin=P2-1
Removed Pin From Net: NetName=PE8 Pin=P2-2
Removed Pin From Net: NetName=GND Pin=P2-3
Removed Pin From Net: NetName=PE9 Pin=P2-4
Removed Pin From Net: NetName=GND Pin=P2-5
Removed Pin From Net: NetName=PE10 Pin=P2-6
Removed Pin From Net: NetName=GND Pin=P2-7
Removed Pin From Net: NetName=PE11 Pin=P2-8
Removed Pin From Net: NetName=GND Pin=P2-9
Removed Pin From Net: NetName=PA7 Pin=P2-10
Removed Pin From Net: NetName=GND Pin=P2-11
Removed Pin From Net: NetName=PC6 Pin=P2-12
Removed Pin From Net: NetName=GND Pin=P2-13
Removed Pin From Net: NetName=PB14 Pin=P2-14
Removed Pin From Net: NetName=GND Pin=P2-15
Removed Pin From Net: NetName=PC7 Pin=P2-16
Removed Pin From Net: NetName=GND Pin=P2-17
Removed Pin From Net: NetName=PB15 Pin=P2-18
Removed Pin From Net: NetName=GND Pin=P2-19
Removed Pin From Net: NetName=PC8 Pin=P2-20
Removed Pin From Net: NetName=+5 Pin=P2-21
Removed Pin From Net: NetName=+5 Pin=P2-22
Removed Pin From Net: NetName=GND Pin=P2-23
Removed Pin From Net: NetName=GND Pin=P2-24
Removed Pin From Net: NetName=ADC_IN8 Pin=P3-2
Removed Pin From Net: NetName=ADC_IN9 Pin=P3-4
Removed Pin From Net: NetName=ADC_IN10 Pin=P3-6
Removed Pin From Net: NetName=ADC_IN11 Pin=P3-8
Removed Pin From Net: NetName=ADC_IN0 Pin=P3-10
Removed Pin From Net: NetName=ADC_IN1 Pin=P3-12
Removed Pin From Net: NetName=ADC_IN2 Pin=P3-14
Removed Pin From Net: NetName=ADC_IN3 Pin=P3-16
Removed Pin From Net: NetName=ADC_IN4 Pin=P3-18
Removed Pin From Net: NetName=ADC_IN5 Pin=P3-20
Removed Pin From Net: NetName=RES Pin=R7-1
Removed Pin From Net: NetName=+3.3 Pin=V1-4
Change Component Footprint: Designator=P3 Old Footprint=HDR2.54-WI-2x10P New Footprint=HDR2.54-WI-2x15P
Change Component Comment : Designator=P3 Old Comment=Header 10X2 New Comment=Header 15X2
Change Component Designator: OldDesignator=C28 NewDesignator=C29
Change Component Designator: OldDesignator=C29 NewDesignator=C30
Change Component Designator: OldDesignator=P4 NewDesignator=P2
Added Component: Designator=C28(C 0603_L)
Add component (AddParameter): Name = "LatestRevisionDate"; Value = "17-Jul-2002"; VariantName = "[No Variations]"
Add component (AddParameter): Name = "LatestRevisionNote"; Value = "Re-released for DXP Platform."; VariantName = "[No Variations]"
Add component (AddParameter): Name = "PackageDescription"; Value = "Radial Cap, Thru-Hole; 2 Leads; 0.3 in Pin Spacing"; VariantName = "[No Variations]"
Add component (AddParameter): Name = "PackageReference"; Value = "RAD-0.3"; VariantName = "[No Variations]"
Add component (AddParameter): Name = "Published"; Value = "8-Jun-2000"; VariantName = "[No Variations]"
Add component (AddParameter): Name = "Publisher"; Value = "Altium Limited"; VariantName = "[No Variations]"
Add component (AddParameter): Name = "Value"; Value = "0.1u"; VariantName = "[No Variations]"
Added Component: Designator=P4(HDR2.54-WI-2x12P)
Add component (AddParameter): Name = "LatestRevisionDate"; Value = "17-Jul-2002"; VariantName = "[No Variations]"
Add component (AddParameter): Name = "LatestRevisionNote"; Value = "Re-released for DXP Platform."; VariantName = "[No Variations]"
Add component (AddParameter): Name = "Publisher"; Value = "Altium Limited"; VariantName = "[No Variations]"
Added Pin To Net: NetName=NetC14_2 Pin=C14-2
Added Pin To Net: NetName=+3.3 Pin=C27-2
Added Pin To Net: NetName=+3.3 Pin=C28-2
Added Pin To Net: NetName=+3.3 Pin=C29-2
Added Pin To Net: NetName=+3.3 Pin=C30-2
Added Pin To Net: NetName=ADC_IN8 Pin=P3-12
Added Pin To Net: NetName=ADC_IN9 Pin=P3-14
Added Pin To Net: NetName=ADC_IN10 Pin=P3-16
Added Pin To Net: NetName=ADC_IN11 Pin=P3-18
Added Pin To Net: NetName=ADC_IN0 Pin=P3-20
Added Pin To Net: NetName=GND Pin=P3-21
Added Pin To Net: NetName=ADC_IN1 Pin=P3-22
Added Pin To Net: NetName=GND Pin=P3-23
Added Pin To Net: NetName=ADC_IN2 Pin=P3-24
Added Pin To Net: NetName=GND Pin=P3-25
Added Pin To Net: NetName=ADC_IN3 Pin=P3-26
Added Pin To Net: NetName=GND Pin=P3-27
Added Pin To Net: NetName=ADC_IN4 Pin=P3-28
Added Pin To Net: NetName=GND Pin=P3-29
Added Pin To Net: NetName=ADC_IN5 Pin=P3-30
Added Pin To Net: NetName=GND Pin=P4-1
Added Pin To Net: NetName=PE8 Pin=P4-2
Added Pin To Net: NetName=GND Pin=P4-3
Added Pin To Net: NetName=PE9 Pin=P4-4
Added Pin To Net: NetName=GND Pin=P4-5
Added Pin To Net: NetName=PE10 Pin=P4-6
Added Pin To Net: NetName=GND Pin=P4-7
Added Pin To Net: NetName=PE11 Pin=P4-8
Added Pin To Net: NetName=GND Pin=P4-9
Added Pin To Net: NetName=PA7 Pin=P4-10
Added Pin To Net: NetName=GND Pin=P4-11
Added Pin To Net: NetName=PC6 Pin=P4-12
Added Pin To Net: NetName=GND Pin=P4-13
Added Pin To Net: NetName=PB14 Pin=P4-14
Added Pin To Net: NetName=GND Pin=P4-15
Added Pin To Net: NetName=PC7 Pin=P4-16
Added Pin To Net: NetName=GND Pin=P4-17
Added Pin To Net: NetName=PB15 Pin=P4-18
Added Pin To Net: NetName=GND Pin=P4-19
Added Pin To Net: NetName=PC8 Pin=P4-20
Added Pin To Net: NetName=+5 Pin=P4-21
Added Pin To Net: NetName=+5 Pin=P4-22
Added Pin To Net: NetName=GND Pin=P4-23
Added Pin To Net: NetName=GND Pin=P4-24
Added Pin To Net: NetName=NetC14_2 Pin=R7-1
Added Pin To Net: NetName=PB3 Pin=P3-2
Added Pin To Net: NetName=PB3 Pin=U1-133
Added Net: Name=PB3
Added Pin To Net: NetName=PB4 Pin=P3-4
Added Pin To Net: NetName=PB4 Pin=U1-134
Added Net: Name=PB4
Added Pin To Net: NetName=PB5 Pin=P3-6
Added Pin To Net: NetName=PB5 Pin=U1-135
Added Net: Name=PB5
Added Pin To Net: NetName=PB6 Pin=P3-8
Added Pin To Net: NetName=PB6 Pin=U1-136
Added Net: Name=PB6
Added Pin To Net: NetName=PB7 Pin=P3-10
Added Pin To Net: NetName=PB7 Pin=U1-137
Added Net: Name=PB7
Added Member To Class: ClassName=Sheet1 Member=Component C28 0.1u
Added Member To Class: ClassName=Sheet1 Member=Component C30 0.1u
Added Member To Class: ClassName=Sheet1 Member=Component P3 Header 15X2
Added Member To Class: ClassName=Sheet1 Member=Component P4 Header 12X2
