Removed Pin From Net: NetName=PE8 Pin=P2-1
Removed Pin From Net: NetName=GND Pin=P2-2
Removed Pin From Net: NetName=PE9 Pin=P2-3
Removed Pin From Net: NetName=GND Pin=P2-4
Removed Pin From Net: NetName=PE10 Pin=P2-5
Removed Pin From Net: NetName=GND Pin=P2-6
Removed Pin From Net: NetName=PE11 Pin=P2-7
Removed Pin From Net: NetName=GND Pin=P2-8
Removed Pin From Net: NetName=PA7 Pin=P2-9
Removed Pin From Net: NetName=GND Pin=P2-10
Removed Pin From Net: NetName=PC6 Pin=P2-11
Removed Pin From Net: NetName=GND Pin=P2-12
Removed Pin From Net: NetName=PB14 Pin=P2-13
Removed Pin From Net: NetName=GND Pin=P2-14
Removed Pin From Net: NetName=PC7 Pin=P2-15
Removed Pin From Net: NetName=GND Pin=P2-16
Removed Pin From Net: NetName=PB15 Pin=P2-17
Removed Pin From Net: NetName=GND Pin=P2-18
Removed Pin From Net: NetName=PC8 Pin=P2-19
Removed Pin From Net: NetName=GND Pin=P2-20
Removed Pin From Net: NetName=ADC_IN8 Pin=P3-1
Removed Pin From Net: NetName=GND Pin=P3-2
Removed Pin From Net: NetName=ADC_IN9 Pin=P3-3
Removed Pin From Net: NetName=GND Pin=P3-4
Removed Pin From Net: NetName=ADC_IN10 Pin=P3-5
Removed Pin From Net: NetName=GND Pin=P3-6
Removed Pin From Net: NetName=ADC_IN11 Pin=P3-7
Removed Pin From Net: NetName=GND Pin=P3-8
Removed Pin From Net: NetName=ADC_IN0 Pin=P3-9
Removed Pin From Net: NetName=GND Pin=P3-10
Removed Pin From Net: NetName=ADC_IN1 Pin=P3-11
Removed Pin From Net: NetName=GND Pin=P3-12
Removed Pin From Net: NetName=ADC_IN2 Pin=P3-13
Removed Pin From Net: NetName=GND Pin=P3-14
Removed Pin From Net: NetName=ADC_IN3 Pin=P3-15
Removed Pin From Net: NetName=GND Pin=P3-16
Removed Pin From Net: NetName=ADC_IN4 Pin=P3-17
Removed Pin From Net: NetName=GND Pin=P3-18
Removed Pin From Net: NetName=ADC_IN5 Pin=P3-19
Removed Pin From Net: NetName=GND Pin=P3-20
Added Pin To Net: NetName=GND Pin=P2-1
Added Pin To Net: NetName=PE8 Pin=P2-2
Added Pin To Net: NetName=GND Pin=P2-3
Added Pin To Net: NetName=PE9 Pin=P2-4
Added Pin To Net: NetName=GND Pin=P2-5
Added Pin To Net: NetName=PE10 Pin=P2-6
Added Pin To Net: NetName=GND Pin=P2-7
Added Pin To Net: NetName=PE11 Pin=P2-8
Added Pin To Net: NetName=GND Pin=P2-9
Added Pin To Net: NetName=PA7 Pin=P2-10
Added Pin To Net: NetName=GND Pin=P2-11
Added Pin To Net: NetName=PC6 Pin=P2-12
Added Pin To Net: NetName=GND Pin=P2-13
Added Pin To Net: NetName=PB14 Pin=P2-14
Added Pin To Net: NetName=GND Pin=P2-15
Added Pin To Net: NetName=PC7 Pin=P2-16
Added Pin To Net: NetName=GND Pin=P2-17
Added Pin To Net: NetName=PB15 Pin=P2-18
Added Pin To Net: NetName=GND Pin=P2-19
Added Pin To Net: NetName=PC8 Pin=P2-20
Added Pin To Net: NetName=GND Pin=P3-1
Added Pin To Net: NetName=ADC_IN8 Pin=P3-2
Added Pin To Net: NetName=GND Pin=P3-3
Added Pin To Net: NetName=ADC_IN9 Pin=P3-4
Added Pin To Net: NetName=GND Pin=P3-5
Added Pin To Net: NetName=ADC_IN10 Pin=P3-6
Added Pin To Net: NetName=GND Pin=P3-7
Added Pin To Net: NetName=ADC_IN11 Pin=P3-8
Added Pin To Net: NetName=GND Pin=P3-9
Added Pin To Net: NetName=ADC_IN0 Pin=P3-10
Added Pin To Net: NetName=GND Pin=P3-11
Added Pin To Net: NetName=ADC_IN1 Pin=P3-12
Added Pin To Net: NetName=GND Pin=P3-13
Added Pin To Net: NetName=ADC_IN2 Pin=P3-14
Added Pin To Net: NetName=GND Pin=P3-15
Added Pin To Net: NetName=ADC_IN3 Pin=P3-16
Added Pin To Net: NetName=GND Pin=P3-17
Added Pin To Net: NetName=ADC_IN4 Pin=P3-18
Added Pin To Net: NetName=GND Pin=P3-19
Added Pin To Net: NetName=ADC_IN5 Pin=P3-20
Added Member To Class: ClassName=Sheet1 Member=Component C8 10u
Added Member To Class: ClassName=Sheet1 Member=Component C11 10u
Added Member To Class: ClassName=Sheet1 Member=Component C12 1u
Added Member To Class: ClassName=Sheet1 Member=Component C13 1u
Added Member To Class: ClassName=Sheet1 Member=Component C15 22p
Added Member To Class: ClassName=Sheet1 Member=Component C21 0.1u
Added Member To Class: ClassName=Sheet1 Member=Component L3 LED
Added Member To Class: ClassName=Sheet1 Member=Component P3 Header 10X2
Added Member To Class: ClassName=Sheet1 Member=Component P4 keyboard
Added Member To Class: ClassName=Sheet1 Member=Component R13 2K
Added Member To Class: ClassName=Sheet1 Member=Component R14 2K
